{"name": "test_check_coverage_start_date", "status": "broken", "statusDetails": {"message": "selenium.common.exceptions.TimeoutException: Message: \nStacktrace:\n0   chromedriver                        0x000000010fbe6bc9 __gxx_personality_v0 + 573977\n1   chromedriver                        0x000000010fb739a3 __gxx_personality_v0 + 102387\n2   chromedriver                        0x000000010f735488 chromedriver + 173192\n3   chromedriver                        0x000000010f76a95c chromedriver + 391516\n4   chromedriver                        0x000000010f79cd14 chromedriver + 597268\n5   chromedriver                        0x000000010f787cad chromedriver + 511149\n6   chromedriver                        0x000000010f79a961 chromedriver + 588129\n7   chromedriver                        0x000000010f787f73 chromedriver + 511859\n8   chromedriver                        0x000000010f75e0e0 chromedriver + 340192\n9   chromedriver                        0x000000010f75f345 chromedriver + 344901\n10  chromedriver                        0x000000010fba3d5f __gxx_personality_v0 + 299951\n11  chromedriver                        0x000000010fbba8db __gxx_personality_v0 + 393003\n12  chromedriver                        0x000000010fbc085f __gxx_personality_v0 + 417455\n13  chromedriver                        0x000000010fbbc00a __gxx_personality_v0 + 398938\n14  chromedriver                        0x000000010fb9895c __gxx_personality_v0 + 253868\n15  chromedriver                        0x000000010fbd7198 __gxx_personality_v0 + 509928\n16  chromedriver                        0x000000010fbd7321 __gxx_personality_v0 + 510321\n17  chromedriver                        0x000000010fbee108 __gxx_personality_v0 + 603992\n18  libsystem_pthread.dylib             0x00007fff204f18fc _pthread_start + 224\n19  libsystem_pthread.dylib             0x00007fff204ed443 thread_start + 15", "trace": "self = <customer_portal.test_case.test_case.TestClaimForm object at 0x7fdda5a960a0>\n\n    @allure.story(\"检查loan_term\")\n    def test_check_coverage_start_date(self):\n        self.coc_no = \"HCACOC65586238\"\n        self.item = \"Loan Term\"\n        self.content = \"6 months\"\n    \n        main = PolicyPage()\n>       content = main.goto_claim_form(self.coc_no).check_item(self.item)\n\ntest_case.py:231: \n_ _ _ _ _ _ _ _ _ _ _ _ _ _ _ _ _ _ _ _ _ _ _ _ _ _ _ _ _ _ _ _ _ _ _ _ _ _ _ _ \n../page_object/policy_page.py:103: in goto_claim_form\n    self.wait(5, ele_claim_form)\n../page_object/base_page.py:92: in wait\n    WebDriverWait(self.driver, second, 0.5).until(expected_conditions.element_to_be_clickable(element))\n_ _ _ _ _ _ _ _ _ _ _ _ _ _ _ _ _ _ _ _ _ _ _ _ _ _ _ _ _ _ _ _ _ _ _ _ _ _ _ _ \n\nself = <selenium.webdriver.support.wait.WebDriverWait (session=\"49b8ae82a32a3f82573dd9b3a91a5794\")>\nmethod = <function element_to_be_clickable.<locals>._predicate at 0x7fdda460a160>\nmessage = ''\n\n    def until(self, method, message=''):\n        \"\"\"Calls the method provided with the driver as an argument until the \\\n        return value does not evaluate to ``False``.\n    \n        :param method: callable(WebDriver)\n        :param message: optional message for :exc:`TimeoutException`\n        :returns: the result of the last call to `method`\n        :raises: :exc:`selenium.common.exceptions.TimeoutException` if timeout occurs\n        \"\"\"\n        screen = None\n        stacktrace = None\n    \n        end_time = time.time() + self._timeout\n        while True:\n            try:\n                value = method(self._driver)\n                if value:\n                    return value\n            except InvalidSelectorException as e:\n                raise e\n            except self._ignored_exceptions as exc:\n                screen = getattr(exc, 'screen', None)\n                stacktrace = getattr(exc, 'stacktrace', None)\n            time.sleep(self._poll)\n            if time.time() > end_time:\n                break\n>       raise TimeoutException(message, screen, stacktrace)\nE       selenium.common.exceptions.TimeoutException: Message: \nE       Stacktrace:\nE       0   chromedriver                        0x000000010fbe6bc9 __gxx_personality_v0 + 573977\nE       1   chromedriver                        0x000000010fb739a3 __gxx_personality_v0 + 102387\nE       2   chromedriver                        0x000000010f735488 chromedriver + 173192\nE       3   chromedriver                        0x000000010f76a95c chromedriver + 391516\nE       4   chromedriver                        0x000000010f79cd14 chromedriver + 597268\nE       5   chromedriver                        0x000000010f787cad chromedriver + 511149\nE       6   chromedriver                        0x000000010f79a961 chromedriver + 588129\nE       7   chromedriver                        0x000000010f787f73 chromedriver + 511859\nE       8   chromedriver                        0x000000010f75e0e0 chromedriver + 340192\nE       9   chromedriver                        0x000000010f75f345 chromedriver + 344901\nE       10  chromedriver                        0x000000010fba3d5f __gxx_personality_v0 + 299951\nE       11  chromedriver                        0x000000010fbba8db __gxx_personality_v0 + 393003\nE       12  chromedriver                        0x000000010fbc085f __gxx_personality_v0 + 417455\nE       13  chromedriver                        0x000000010fbbc00a __gxx_personality_v0 + 398938\nE       14  chromedriver                        0x000000010fb9895c __gxx_personality_v0 + 253868\nE       15  chromedriver                        0x000000010fbd7198 __gxx_personality_v0 + 509928\nE       16  chromedriver                        0x000000010fbd7321 __gxx_personality_v0 + 510321\nE       17  chromedriver                        0x000000010fbee108 __gxx_personality_v0 + 603992\nE       18  libsystem_pthread.dylib             0x00007fff204f18fc _pthread_start + 224\nE       19  libsystem_pthread.dylib             0x00007fff204ed443 thread_start + 15\n\n../../../../PycharmProjects/pythonProject/venv/lib/python3.9/site-packages/selenium/webdriver/support/wait.py:89: TimeoutException"}, "start": 1638522617382, "stop": 1638522631806, "uuid": "4e2daa5d-108d-491f-a311-4575782d9d65", "historyId": "a9214842e0e4101f8a97f82537096653", "testCaseId": "d80765ac45419708c76386dcbc6bf50f", "fullName": "test_case.TestClaimForm#test_check_coverage_start_date", "labels": [{"name": "story", "value": "检查loan_term"}, {"name": "feature", "value": "claim form页面功能"}, {"name": "suite", "value": "test_case"}, {"name": "subSuite", "value": "TestClaimForm"}, {"name": "host", "value": "xiongjundeMBP.lan"}, {"name": "thread", "value": "20384-MainThread"}, {"name": "framework", "value": "pytest"}, {"name": "language", "value": "cpython3"}, {"name": "package", "value": "test_case"}]}